# JRE version: OpenJDK Runtime Environment (8.0_152-b01) (build 1.8.0_152-release-1248-b01)
# Java VM: OpenJDK 64-Bit Server VM (25.152-b01 mixed mode windows-amd64 compressed oops)
Heap:
 PSYoungGen      total 176640K, used 53583K [0x00000000e0000000, 0x00000000ee600000, 0x0000000100000000)
  eden space 128512K, 29% used [0x00000000e0000000,0x00000000e24b2128,0x00000000e7d80000)
  from space 48128K, 33% used [0x00000000eaa00000,0x00000000eb9a1dc8,0x00000000ed900000)
  to   space 45568K, 0% used [0x00000000e7d80000,0x00000000e7d80000,0x00000000eaa00000)
 ParOldGen       total 231424K, used 66314K [0x00000000a0000000, 0x00000000ae200000, 0x00000000e0000000)
  object space 231424K, 28% used [0x00000000a0000000,0x00000000a40c2818,0x00000000ae200000)
 Metaspace       used 100569K, capacity 106224K, committed 106408K, reserved 1140736K
  class space    used 12806K, capacity 14097K, committed 14256K, reserved 1048576K
GC Heap History (10 events):
Event: 2678.961 GC heap before
{Heap before GC invocations=40 (full 4):
 PSYoungGen      total 163840K, used 121310K [0x00000000e0000000, 0x00000000ed980000, 0x0000000100000000)
  eden space 111616K, 100% used [0x00000000e0000000,0x00000000e6d00000,0x00000000e6d00000)
  from space 52224K, 18% used [0x00000000e6d00000,0x00000000e76778e0,0x00000000ea000000)
  to   space 51712K, 0% used [0x00000000ea700000,0x00000000ea700000,0x00000000ed980000)
 ParOldGen       total 231424K, used 66274K [0x00000000a0000000, 0x00000000ae200000, 0x00000000e0000000)
  object space 231424K, 28% used [0x00000000a0000000,0x00000000a40b8818,0x00000000ae200000)
 Metaspace       used 97205K, capacity 101572K, committed 101928K, reserved 1138688K
  class space    used 12379K, capacity 13458K, committed 13616K, reserved 1048576K
Event: 2679.052 GC heap after
Heap after GC invocations=40 (full 4):
 PSYoungGen      total 164864K, used 23732K [0x00000000e0000000, 0x00000000ed480000, 0x0000000100000000)
  eden space 118272K, 0% used [0x00000000e0000000,0x00000000e0000000,0x00000000e7380000)
  from space 46592K, 50% used [0x00000000ea700000,0x00000000ebe2d1a0,0x00000000ed480000)
  to   space 49664K, 0% used [0x00000000e7380000,0x00000000e7380000,0x00000000ea400000)
 ParOldGen       total 231424K, used 66282K [0x00000000a0000000, 0x00000000ae200000, 0x00000000e0000000)
  object space 231424K, 28% used [0x00000000a0000000,0x00000000a40ba818,0x00000000ae200000)
 Metaspace       used 97205K, capacity 101572K, committed 101928K, reserved 1138688K
  class space    used 12379K, capacity 13458K, committed 13616K, reserved 1048576K
}
Event: 4838.965 GC heap before
{Heap before GC invocations=41 (full 4):
 PSYoungGen      total 164864K, used 142004K [0x00000000e0000000, 0x00000000ed480000, 0x0000000100000000)
  eden space 118272K, 100% used [0x00000000e0000000,0x00000000e7380000,0x00000000e7380000)
  from space 46592K, 50% used [0x00000000ea700000,0x00000000ebe2d1a0,0x00000000ed480000)
  to   space 49664K, 0% used [0x00000000e7380000,0x00000000e7380000,0x00000000ea400000)
 ParOldGen       total 231424K, used 66282K [0x00000000a0000000, 0x00000000ae200000, 0x00000000e0000000)
  object space 231424K, 28% used [0x00000000a0000000,0x00000000a40ba818,0x00000000ae200000)
 Metaspace       used 97775K, capacity 103052K, committed 103464K, reserved 1138688K
  class space    used 12504K, capacity 13701K, committed 13872K, reserved 1048576K
Event: 4838.982 GC heap after
Heap after GC invocations=41 (full 4):
 PSYoungGen      total 167936K, used 7552K [0x00000000e0000000, 0x00000000ed900000, 0x0000000100000000)
  eden space 118272K, 0% used [0x00000000e0000000,0x00000000e0000000,0x00000000e7380000)
  from space 49664K, 15% used [0x00000000e7380000,0x00000000e7ae00b0,0x00000000ea400000)
  to   space 49152K, 0% used [0x00000000ea900000,0x00000000ea900000,0x00000000ed900000)
 ParOldGen       total 231424K, used 66290K [0x00000000a0000000, 0x00000000ae200000, 0x00000000e0000000)
  object space 231424K, 28% used [0x00000000a0000000,0x00000000a40bc818,0x00000000ae200000)
 Metaspace       used 97775K, capacity 103052K, committed 103464K, reserved 1138688K
  class space    used 12504K, capacity 13701K, committed 13872K, reserved 1048576K
}
Event: 5183.335 GC heap before
{Heap before GC invocations=42 (full 4):
 PSYoungGen      total 167936K, used 125824K [0x00000000e0000000, 0x00000000ed900000, 0x0000000100000000)
  eden space 118272K, 100% used [0x00000000e0000000,0x00000000e7380000,0x00000000e7380000)
  from space 49664K, 15% used [0x00000000e7380000,0x00000000e7ae00b0,0x00000000ea400000)
  to   space 49152K, 0% used [0x00000000ea900000,0x00000000ea900000,0x00000000ed900000)
 ParOldGen       total 231424K, used 66290K [0x00000000a0000000, 0x00000000ae200000, 0x00000000e0000000)
  object space 231424K, 28% used [0x00000000a0000000,0x00000000a40bc818,0x00000000ae200000)
 Metaspace       used 98055K, capacity 103410K, committed 103720K, reserved 1138688K
  class space    used 12524K, capacity 13738K, committed 13872K, reserved 1048576K
Event: 5183.344 GC heap after
Heap after GC invocations=42 (full 4):
 PSYoungGen      total 169984K, used 3765K [0x00000000e0000000, 0x00000000ed780000, 0x0000000100000000)
  eden space 122368K, 0% used [0x00000000e0000000,0x00000000e0000000,0x00000000e7780000)
  from space 47616K, 7% used [0x00000000ea900000,0x00000000eacad600,0x00000000ed780000)
  to   space 49152K, 0% used [0x00000000e7780000,0x00000000e7780000,0x00000000ea780000)
 ParOldGen       total 231424K, used 66298K [0x00000000a0000000, 0x00000000ae200000, 0x00000000e0000000)
  object space 231424K, 28% used [0x00000000a0000000,0x00000000a40be818,0x00000000ae200000)
 Metaspace       used 98055K, capacity 103410K, committed 103720K, reserved 1138688K
  class space    used 12524K, capacity 13738K, committed 13872K, reserved 1048576K
}
Event: 5328.778 GC heap before
{Heap before GC invocations=43 (full 4):
 PSYoungGen      total 169984K, used 126133K [0x00000000e0000000, 0x00000000ed780000, 0x0000000100000000)
  eden space 122368K, 100% used [0x00000000e0000000,0x00000000e7780000,0x00000000e7780000)
  from space 47616K, 7% used [0x00000000ea900000,0x00000000eacad600,0x00000000ed780000)
  to   space 49152K, 0% used [0x00000000e7780000,0x00000000e7780000,0x00000000ea780000)
 ParOldGen       total 231424K, used 66298K [0x00000000a0000000, 0x00000000ae200000, 0x00000000e0000000)
  object space 231424K, 28% used [0x00000000a0000000,0x00000000a40be818,0x00000000ae200000)
 Metaspace       used 98730K, capacity 104240K, committed 104360K, reserved 1140736K
  class space    used 12625K, capacity 13915K, committed 14000K, reserved 1048576K
Event: 5328.837 GC heap after
Heap after GC invocations=43 (full 4):
 PSYoungGen      total 171520K, used 9037K [0x00000000e0000000, 0x00000000ed900000, 0x0000000100000000)
  eden space 122368K, 0% used [0x00000000e0000000,0x00000000e0000000,0x00000000e7780000)
  from space 49152K, 18% used [0x00000000e7780000,0x00000000e8053698,0x00000000ea780000)
  to   space 48128K, 0% used [0x00000000eaa00000,0x00000000eaa00000,0x00000000ed900000)
 ParOldGen       total 231424K, used 66306K [0x00000000a0000000, 0x00000000ae200000, 0x00000000e0000000)
  object space 231424K, 28% used [0x00000000a0000000,0x00000000a40c0818,0x00000000ae200000)
 Metaspace       used 98730K, capacity 104240K, committed 104360K, reserved 1140736K
  class space    used 12625K, capacity 13915K, committed 14000K, reserved 1048576K
}
Event: 5335.454 GC heap before
{Heap before GC invocations=44 (full 4):
 PSYoungGen      total 171520K, used 131405K [0x00000000e0000000, 0x00000000ed900000, 0x0000000100000000)
  eden space 122368K, 100% used [0x00000000e0000000,0x00000000e7780000,0x00000000e7780000)
  from space 49152K, 18% used [0x00000000e7780000,0x00000000e8053698,0x00000000ea780000)
  to   space 48128K, 0% used [0x00000000eaa00000,0x00000000eaa00000,0x00000000ed900000)
 ParOldGen       total 231424K, used 66306K [0x00000000a0000000, 0x00000000ae200000, 0x00000000e0000000)
  object space 231424K, 28% used [0x00000000a0000000,0x00000000a40c0818,0x00000000ae200000)
 Metaspace       used 99844K, capacity 105456K, committed 105768K, reserved 1140736K
  class space    used 12747K, capacity 14033K, committed 14128K, reserved 1048576K
Event: 5336.953 GC heap after
Heap after GC invocations=44 (full 4):
 PSYoungGen      total 176640K, used 16007K [0x00000000e0000000, 0x00000000ee600000, 0x0000000100000000)
  eden space 128512K, 0% used [0x00000000e0000000,0x00000000e0000000,0x00000000e7d80000)
  from space 48128K, 33% used [0x00000000eaa00000,0x00000000eb9a1dc8,0x00000000ed900000)
  to   space 45568K, 0% used [0x00000000e7d80000,0x00000000e7d80000,0x00000000eaa00000)
 ParOldGen       total 231424K, used 66314K [0x00000000a0000000, 0x00000000ae200000, 0x00000000e0000000)
  object space 231424K, 28% used [0x00000000a0000000,0x00000000a40c2818,0x00000000ae200000)
 Metaspace       used 99844K, capacity 105456K, committed 105768K, reserved 1140736K
  class space    used 12747K, capacity 14033K, committed 14128K, reserved 1048576K
}

